<?xml version="1.0" encoding="UTF-8"?>
<testsuite xmlns:xsi="http://www.w3.org/2001/XMLSchema-instance" xsi:noNamespaceSchemaLocation="https://maven.apache.org/surefire/maven-surefire-plugin/xsd/surefire-test-report.xsd" name="com.ax.shop.JWTTest" time="0.255" tests="3" errors="0" skipped="0" failures="0">
  <properties>
    <property name="gopherProxySet" value="false"/>
    <property name="awt.toolkit" value="sun.lwawt.macosx.LWCToolkit"/>
    <property name="file.encoding.pkg" value="sun.io"/>
    <property name="java.specification.version" value="1.8"/>
    <property name="sun.cpu.isalist" value=""/>
    <property name="sun.jnu.encoding" value="UTF-8"/>
    <property name="java.class.path" value="/Users/xing/Develop/GitHub/ax_spring_boot_demo/00springboot-shop/target/test-classes:/Users/xing/Develop/GitHub/ax_spring_boot_demo/00springboot-shop/target/classes:/Users/xing/.m2/repository/org/redisson/redisson-spring-boot-starter/3.16.4/redisson-spring-boot-starter-3.16.4.jar:/Users/xing/.m2/repository/org/springframework/boot/spring-boot-starter-actuator/2.6.0/spring-boot-starter-actuator-2.6.0.jar:/Users/xing/.m2/repository/org/springframework/boot/spring-boot-actuator-autoconfigure/2.6.0/spring-boot-actuator-autoconfigure-2.6.0.jar:/Users/xing/.m2/repository/org/springframework/boot/spring-boot-actuator/2.6.0/spring-boot-actuator-2.6.0.jar:/Users/xing/.m2/repository/io/micrometer/micrometer-core/1.8.0/micrometer-core-1.8.0.jar:/Users/xing/.m2/repository/org/hdrhistogram/HdrHistogram/2.1.12/HdrHistogram-2.1.12.jar:/Users/xing/.m2/repository/org/latencyutils/LatencyUtils/2.0.3/LatencyUtils-2.0.3.jar:/Users/xing/.m2/repository/org/redisson/redisson/3.16.4/redisson-3.16.4.jar:/Users/xing/.m2/repository/io/netty/netty-common/4.1.70.Final/netty-common-4.1.70.Final.jar:/Users/xing/.m2/repository/io/netty/netty-codec/4.1.70.Final/netty-codec-4.1.70.Final.jar:/Users/xing/.m2/repository/io/netty/netty-buffer/4.1.70.Final/netty-buffer-4.1.70.Final.jar:/Users/xing/.m2/repository/io/netty/netty-transport/4.1.70.Final/netty-transport-4.1.70.Final.jar:/Users/xing/.m2/repository/io/netty/netty-resolver/4.1.70.Final/netty-resolver-4.1.70.Final.jar:/Users/xing/.m2/repository/io/netty/netty-resolver-dns/4.1.70.Final/netty-resolver-dns-4.1.70.Final.jar:/Users/xing/.m2/repository/io/netty/netty-codec-dns/4.1.70.Final/netty-codec-dns-4.1.70.Final.jar:/Users/xing/.m2/repository/io/netty/netty-handler/4.1.70.Final/netty-handler-4.1.70.Final.jar:/Users/xing/.m2/repository/javax/cache/cache-api/1.1.1/cache-api-1.1.1.jar:/Users/xing/.m2/repository/io/projectreactor/reactor-core/3.4.12/reactor-core-3.4.12.jar:/Users/xing/.m2/repository/org/reactivestreams/reactive-streams/1.0.3/reactive-streams-1.0.3.jar:/Users/xing/.m2/repository/io/reactivex/rxjava3/rxjava/3.0.12/rxjava-3.0.12.jar:/Users/xing/.m2/repository/org/jboss/marshalling/jboss-marshalling/2.0.11.Final/jboss-marshalling-2.0.11.Final.jar:/Users/xing/.m2/repository/org/jboss/marshalling/jboss-marshalling-river/2.0.11.Final/jboss-marshalling-river-2.0.11.Final.jar:/Users/xing/.m2/repository/com/fasterxml/jackson/core/jackson-annotations/2.13.0/jackson-annotations-2.13.0.jar:/Users/xing/.m2/repository/com/fasterxml/jackson/dataformat/jackson-dataformat-yaml/2.13.0/jackson-dataformat-yaml-2.13.0.jar:/Users/xing/.m2/repository/com/fasterxml/jackson/core/jackson-core/2.13.0/jackson-core-2.13.0.jar:/Users/xing/.m2/repository/net/bytebuddy/byte-buddy/1.11.22/byte-buddy-1.11.22.jar:/Users/xing/.m2/repository/org/jodd/jodd-bean/5.1.6/jodd-bean-5.1.6.jar:/Users/xing/.m2/repository/org/jodd/jodd-core/5.1.6/jodd-core-5.1.6.jar:/Users/xing/.m2/repository/org/redisson/redisson-spring-data-25/3.16.4/redisson-spring-data-25-3.16.4.jar:/Users/xing/.m2/repository/org/springframework/boot/spring-boot-starter-web/2.6.0/spring-boot-starter-web-2.6.0.jar:/Users/xing/.m2/repository/org/springframework/boot/spring-boot-starter/2.6.0/spring-boot-starter-2.6.0.jar:/Users/xing/.m2/repository/org/springframework/boot/spring-boot/2.6.0/spring-boot-2.6.0.jar:/Users/xing/.m2/repository/org/springframework/boot/spring-boot-starter-logging/2.6.0/spring-boot-starter-logging-2.6.0.jar:/Users/xing/.m2/repository/ch/qos/logback/logback-classic/1.2.7/logback-classic-1.2.7.jar:/Users/xing/.m2/repository/ch/qos/logback/logback-core/1.2.7/logback-core-1.2.7.jar:/Users/xing/.m2/repository/org/apache/logging/log4j/log4j-to-slf4j/2.14.1/log4j-to-slf4j-2.14.1.jar:/Users/xing/.m2/repository/org/apache/logging/log4j/log4j-api/2.14.1/log4j-api-2.14.1.jar:/Users/xing/.m2/repository/org/slf4j/jul-to-slf4j/1.7.32/jul-to-slf4j-1.7.32.jar:/Users/xing/.m2/repository/org/yaml/snakeyaml/1.29/snakeyaml-1.29.jar:/Users/xing/.m2/repository/org/springframework/boot/spring-boot-starter-json/2.6.0/spring-boot-starter-json-2.6.0.jar:/Users/xing/.m2/repository/com/fasterxml/jackson/datatype/jackson-datatype-jdk8/2.13.0/jackson-datatype-jdk8-2.13.0.jar:/Users/xing/.m2/repository/com/fasterxml/jackson/datatype/jackson-datatype-jsr310/2.13.0/jackson-datatype-jsr310-2.13.0.jar:/Users/xing/.m2/repository/com/fasterxml/jackson/module/jackson-module-parameter-names/2.13.0/jackson-module-parameter-names-2.13.0.jar:/Users/xing/.m2/repository/org/springframework/spring-web/5.3.13/spring-web-5.3.13.jar:/Users/xing/.m2/repository/org/springframework/spring-beans/5.3.13/spring-beans-5.3.13.jar:/Users/xing/.m2/repository/org/springframework/spring-webmvc/5.3.13/spring-webmvc-5.3.13.jar:/Users/xing/.m2/repository/org/springframework/spring-aop/5.3.13/spring-aop-5.3.13.jar:/Users/xing/.m2/repository/org/springframework/spring-context/5.3.13/spring-context-5.3.13.jar:/Users/xing/.m2/repository/org/springframework/spring-expression/5.3.13/spring-expression-5.3.13.jar:/Users/xing/.m2/repository/org/springframework/boot/spring-boot-starter-validation/2.6.0/spring-boot-starter-validation-2.6.0.jar:/Users/xing/.m2/repository/org/apache/tomcat/embed/tomcat-embed-el/9.0.55/tomcat-embed-el-9.0.55.jar:/Users/xing/.m2/repository/org/hibernate/validator/hibernate-validator/6.2.0.Final/hibernate-validator-6.2.0.Final.jar:/Users/xing/.m2/repository/jakarta/validation/jakarta.validation-api/2.0.2/jakarta.validation-api-2.0.2.jar:/Users/xing/.m2/repository/org/jboss/logging/jboss-logging/3.4.2.Final/jboss-logging-3.4.2.Final.jar:/Users/xing/.m2/repository/com/fasterxml/classmate/1.5.1/classmate-1.5.1.jar:/Users/xing/.m2/repository/org/mybatis/spring/boot/mybatis-spring-boot-starter/2.2.0/mybatis-spring-boot-starter-2.2.0.jar:/Users/xing/.m2/repository/org/springframework/boot/spring-boot-starter-jdbc/2.6.0/spring-boot-starter-jdbc-2.6.0.jar:/Users/xing/.m2/repository/com/zaxxer/HikariCP/4.0.3/HikariCP-4.0.3.jar:/Users/xing/.m2/repository/org/springframework/spring-jdbc/5.3.13/spring-jdbc-5.3.13.jar:/Users/xing/.m2/repository/org/mybatis/spring/boot/mybatis-spring-boot-autoconfigure/2.2.0/mybatis-spring-boot-autoconfigure-2.2.0.jar:/Users/xing/.m2/repository/org/mybatis/mybatis/3.5.7/mybatis-3.5.7.jar:/Users/xing/.m2/repository/org/mybatis/mybatis-spring/2.0.6/mybatis-spring-2.0.6.jar:/Users/xing/.m2/repository/org/springframework/boot/spring-boot-starter-test/2.6.0/spring-boot-starter-test-2.6.0.jar:/Users/xing/.m2/repository/org/springframework/boot/spring-boot-test/2.6.0/spring-boot-test-2.6.0.jar:/Users/xing/.m2/repository/org/springframework/boot/spring-boot-test-autoconfigure/2.6.0/spring-boot-test-autoconfigure-2.6.0.jar:/Users/xing/.m2/repository/com/jayway/jsonpath/json-path/2.6.0/json-path-2.6.0.jar:/Users/xing/.m2/repository/net/minidev/json-smart/2.4.7/json-smart-2.4.7.jar:/Users/xing/.m2/repository/net/minidev/accessors-smart/2.4.7/accessors-smart-2.4.7.jar:/Users/xing/.m2/repository/org/ow2/asm/asm/9.1/asm-9.1.jar:/Users/xing/.m2/repository/jakarta/xml/bind/jakarta.xml.bind-api/2.3.3/jakarta.xml.bind-api-2.3.3.jar:/Users/xing/.m2/repository/jakarta/activation/jakarta.activation-api/1.2.2/jakarta.activation-api-1.2.2.jar:/Users/xing/.m2/repository/org/assertj/assertj-core/3.21.0/assertj-core-3.21.0.jar:/Users/xing/.m2/repository/org/hamcrest/hamcrest/2.2/hamcrest-2.2.jar:/Users/xing/.m2/repository/org/junit/jupiter/junit-jupiter/5.8.1/junit-jupiter-5.8.1.jar:/Users/xing/.m2/repository/org/junit/jupiter/junit-jupiter-api/5.8.1/junit-jupiter-api-5.8.1.jar:/Users/xing/.m2/repository/org/opentest4j/opentest4j/1.2.0/opentest4j-1.2.0.jar:/Users/xing/.m2/repository/org/junit/platform/junit-platform-commons/1.8.1/junit-platform-commons-1.8.1.jar:/Users/xing/.m2/repository/org/apiguardian/apiguardian-api/1.1.2/apiguardian-api-1.1.2.jar:/Users/xing/.m2/repository/org/junit/jupiter/junit-jupiter-params/5.8.1/junit-jupiter-params-5.8.1.jar:/Users/xing/.m2/repository/org/junit/jupiter/junit-jupiter-engine/5.8.1/junit-jupiter-engine-5.8.1.jar:/Users/xing/.m2/repository/org/junit/platform/junit-platform-engine/1.8.1/junit-platform-engine-1.8.1.jar:/Users/xing/.m2/repository/org/mockito/mockito-core/4.0.0/mockito-core-4.0.0.jar:/Users/xing/.m2/repository/net/bytebuddy/byte-buddy-agent/1.11.22/byte-buddy-agent-1.11.22.jar:/Users/xing/.m2/repository/org/objenesis/objenesis/3.2/objenesis-3.2.jar:/Users/xing/.m2/repository/org/mockito/mockito-junit-jupiter/4.0.0/mockito-junit-jupiter-4.0.0.jar:/Users/xing/.m2/repository/org/skyscreamer/jsonassert/1.5.0/jsonassert-1.5.0.jar:/Users/xing/.m2/repository/com/vaadin/external/google/android-json/0.0.20131108.vaadin1/android-json-0.0.20131108.vaadin1.jar:/Users/xing/.m2/repository/org/springframework/spring-core/5.3.13/spring-core-5.3.13.jar:/Users/xing/.m2/repository/org/springframework/spring-jcl/5.3.13/spring-jcl-5.3.13.jar:/Users/xing/.m2/repository/org/springframework/spring-test/5.3.13/spring-test-5.3.13.jar:/Users/xing/.m2/repository/org/xmlunit/xmlunit-core/2.8.3/xmlunit-core-2.8.3.jar:/Users/xing/.m2/repository/mysql/mysql-connector-java/8.0.27/mysql-connector-java-8.0.27.jar:/Users/xing/.m2/repository/com/github/pagehelper/pagehelper-spring-boot-starter/1.4.1/pagehelper-spring-boot-starter-1.4.1.jar:/Users/xing/.m2/repository/com/github/pagehelper/pagehelper-spring-boot-autoconfigure/1.4.1/pagehelper-spring-boot-autoconfigure-1.4.1.jar:/Users/xing/.m2/repository/com/github/pagehelper/pagehelper/5.3.0/pagehelper-5.3.0.jar:/Users/xing/.m2/repository/com/github/jsqlparser/jsqlparser/4.2/jsqlparser-4.2.jar:/Users/xing/.m2/repository/cn/hutool/hutool-all/5.7.15/hutool-all-5.7.15.jar:/Users/xing/.m2/repository/com/alibaba/druid-spring-boot-starter/1.1.9/druid-spring-boot-starter-1.1.9.jar:/Users/xing/.m2/repository/com/alibaba/druid/1.1.9/druid-1.1.9.jar:/Users/xing/.m2/repository/org/slf4j/slf4j-api/1.7.32/slf4j-api-1.7.32.jar:/Users/xing/.m2/repository/org/springframework/boot/spring-boot-autoconfigure/2.6.0/spring-boot-autoconfigure-2.6.0.jar:/Users/xing/.m2/repository/com/alibaba/fastjson/1.2.78/fastjson-1.2.78.jar:/Users/xing/.m2/repository/net/sourceforge/nekohtml/nekohtml/1.9.22/nekohtml-1.9.22.jar:/Users/xing/.m2/repository/xerces/xercesImpl/2.11.0/xercesImpl-2.11.0.jar:/Users/xing/.m2/repository/xml-apis/xml-apis/1.4.01/xml-apis-1.4.01.jar:/Users/xing/.m2/repository/org/springframework/boot/spring-boot-starter-thymeleaf/2.6.0/spring-boot-starter-thymeleaf-2.6.0.jar:/Users/xing/.m2/repository/org/thymeleaf/thymeleaf-spring5/3.0.12.RELEASE/thymeleaf-spring5-3.0.12.RELEASE.jar:/Users/xing/.m2/repository/org/thymeleaf/thymeleaf/3.0.12.RELEASE/thymeleaf-3.0.12.RELEASE.jar:/Users/xing/.m2/repository/org/attoparser/attoparser/2.0.5.RELEASE/attoparser-2.0.5.RELEASE.jar:/Users/xing/.m2/repository/org/unbescape/unbescape/1.1.6.RELEASE/unbescape-1.1.6.RELEASE.jar:/Users/xing/.m2/repository/org/thymeleaf/extras/thymeleaf-extras-java8time/3.0.4.RELEASE/thymeleaf-extras-java8time-3.0.4.RELEASE.jar:/Users/xing/.m2/repository/org/springframework/boot/spring-boot-starter-tomcat/2.6.0/spring-boot-starter-tomcat-2.6.0.jar:/Users/xing/.m2/repository/jakarta/annotation/jakarta.annotation-api/1.3.5/jakarta.annotation-api-1.3.5.jar:/Users/xing/.m2/repository/org/apache/tomcat/embed/tomcat-embed-core/9.0.55/tomcat-embed-core-9.0.55.jar:/Users/xing/.m2/repository/org/apache/tomcat/embed/tomcat-embed-websocket/9.0.55/tomcat-embed-websocket-9.0.55.jar:/Users/xing/.m2/repository/org/springframework/boot/spring-boot-starter-data-redis/2.6.0/spring-boot-starter-data-redis-2.6.0.jar:/Users/xing/.m2/repository/org/springframework/data/spring-data-redis/2.6.0/spring-data-redis-2.6.0.jar:/Users/xing/.m2/repository/org/springframework/data/spring-data-keyvalue/2.6.0/spring-data-keyvalue-2.6.0.jar:/Users/xing/.m2/repository/org/springframework/data/spring-data-commons/2.6.0/spring-data-commons-2.6.0.jar:/Users/xing/.m2/repository/org/springframework/spring-oxm/5.3.13/spring-oxm-5.3.13.jar:/Users/xing/.m2/repository/io/lettuce/lettuce-core/6.1.5.RELEASE/lettuce-core-6.1.5.RELEASE.jar:/Users/xing/.m2/repository/org/springframework/boot/spring-boot-starter-cache/2.6.0/spring-boot-starter-cache-2.6.0.jar:/Users/xing/.m2/repository/org/springframework/spring-context-support/5.3.13/spring-context-support-5.3.13.jar:/Users/xing/.m2/repository/com/auth0/java-jwt/3.18.2/java-jwt-3.18.2.jar:/Users/xing/.m2/repository/com/fasterxml/jackson/core/jackson-databind/2.13.0/jackson-databind-2.13.0.jar:/Users/xing/.m2/repository/org/springframework/boot/spring-boot-starter-quartz/2.6.0/spring-boot-starter-quartz-2.6.0.jar:/Users/xing/.m2/repository/org/springframework/spring-tx/5.3.13/spring-tx-5.3.13.jar:/Users/xing/.m2/repository/org/quartz-scheduler/quartz/2.3.2/quartz-2.3.2.jar:/Users/xing/.m2/repository/com/mchange/mchange-commons-java/0.2.15/mchange-commons-java-0.2.15.jar:/Users/xing/.m2/repository/commons-fileupload/commons-fileupload/1.4/commons-fileupload-1.4.jar:/Users/xing/.m2/repository/commons-io/commons-io/2.2/commons-io-2.2.jar:/Users/xing/.m2/repository/net/coobird/thumbnailator/0.4.15/thumbnailator-0.4.15.jar:/Users/xing/.m2/repository/org/projectlombok/lombok/1.18.16/lombok-1.18.16.jar:/Users/xing/.m2/repository/com/github/penggle/kaptcha/2.3.2/kaptcha-2.3.2.jar:/Users/xing/.m2/repository/javax/servlet/javax.servlet-api/4.0.1/javax.servlet-api-4.0.1.jar:/Users/xing/.m2/repository/com/jhlabs/filters/2.0.235-1/filters-2.0.235-1.jar:/Users/xing/.m2/repository/org/apache/shiro/shiro-spring/1.4.0/shiro-spring-1.4.0.jar:/Users/xing/.m2/repository/org/apache/shiro/shiro-core/1.4.0/shiro-core-1.4.0.jar:/Users/xing/.m2/repository/org/apache/shiro/shiro-lang/1.4.0/shiro-lang-1.4.0.jar:/Users/xing/.m2/repository/org/apache/shiro/shiro-cache/1.4.0/shiro-cache-1.4.0.jar:/Users/xing/.m2/repository/org/apache/shiro/shiro-crypto-hash/1.4.0/shiro-crypto-hash-1.4.0.jar:/Users/xing/.m2/repository/org/apache/shiro/shiro-crypto-core/1.4.0/shiro-crypto-core-1.4.0.jar:/Users/xing/.m2/repository/org/apache/shiro/shiro-crypto-cipher/1.4.0/shiro-crypto-cipher-1.4.0.jar:/Users/xing/.m2/repository/org/apache/shiro/shiro-config-core/1.4.0/shiro-config-core-1.4.0.jar:/Users/xing/.m2/repository/org/apache/shiro/shiro-config-ogdl/1.4.0/shiro-config-ogdl-1.4.0.jar:/Users/xing/.m2/repository/org/apache/shiro/shiro-event/1.4.0/shiro-event-1.4.0.jar:/Users/xing/.m2/repository/org/apache/shiro/shiro-web/1.4.0/shiro-web-1.4.0.jar:/Users/xing/.m2/repository/org/crazycake/shiro-redis/3.1.0/shiro-redis-3.1.0.jar:/Users/xing/.m2/repository/redis/clients/jedis/3.7.0/jedis-3.7.0.jar:/Users/xing/.m2/repository/org/apache/commons/commons-pool2/2.11.1/commons-pool2-2.11.1.jar:/Users/xing/.m2/repository/com/puppycrawl/tools/checkstyle/8.3/checkstyle-8.3.jar:/Users/xing/.m2/repository/antlr/antlr/2.7.7/antlr-2.7.7.jar:/Users/xing/.m2/repository/org/antlr/antlr4-runtime/4.7/antlr4-runtime-4.7.jar:/Users/xing/.m2/repository/commons-beanutils/commons-beanutils/1.9.3/commons-beanutils-1.9.3.jar:/Users/xing/.m2/repository/commons-logging/commons-logging/1.2/commons-logging-1.2.jar:/Users/xing/.m2/repository/commons-collections/commons-collections/3.2.2/commons-collections-3.2.2.jar:/Users/xing/.m2/repository/commons-cli/commons-cli/1.4/commons-cli-1.4.jar:/Users/xing/.m2/repository/net/sf/saxon/Saxon-HE/9.8.0-4/Saxon-HE-9.8.0-4.jar:/Library/Java/JavaVirtualMachines/jdk1.8.0_201/Contents/Home/jre/../lib/tools.jar:/Users/xing/.m2/repository/org/apache/commons/commons-lang3/3.12.0/commons-lang3-3.12.0.jar:/Users/xing/.m2/repository/com/google/guava/guava/30.1-jre/guava-30.1-jre.jar:/Users/xing/.m2/repository/com/google/guava/failureaccess/1.0.1/failureaccess-1.0.1.jar:/Users/xing/.m2/repository/com/google/guava/listenablefuture/9999.0-empty-to-avoid-conflict-with-guava/listenablefuture-9999.0-empty-to-avoid-conflict-with-guava.jar:/Users/xing/.m2/repository/com/google/code/findbugs/jsr305/3.0.2/jsr305-3.0.2.jar:/Users/xing/.m2/repository/org/checkerframework/checker-qual/3.5.0/checker-qual-3.5.0.jar:/Users/xing/.m2/repository/com/google/errorprone/error_prone_annotations/2.3.4/error_prone_annotations-2.3.4.jar:/Users/xing/.m2/repository/com/google/j2objc/j2objc-annotations/1.3/j2objc-annotations-1.3.jar:"/>
    <property name="java.vm.vendor" value="Oracle Corporation"/>
    <property name="sun.arch.data.model" value="64"/>
    <property name="java.vendor.url" value="http://java.oracle.com/"/>
    <property name="user.timezone" value=""/>
    <property name="java.vm.specification.version" value="1.8"/>
    <property name="os.name" value="Mac OS X"/>
    <property name="user.country" value="CN"/>
    <property name="sun.java.launcher" value="SUN_STANDARD"/>
    <property name="sun.boot.library.path" value="/Library/Java/JavaVirtualMachines/jdk1.8.0_201/Contents/Home/jre/lib"/>
    <property name="sun.java.command" value="/Users/xing/Develop/GitHub/ax_spring_boot_demo/00springboot-shop/target/surefire/surefirebooter7150615824569719406.jar /Users/xing/Develop/GitHub/ax_spring_boot_demo/00springboot-shop/target/surefire 2021-12-13T16-46-28_341-jvmRun1 surefire2493670987800609249tmp surefire_05658601796768773565tmp"/>
    <property name="surefire.test.class.path" value="/Users/xing/Develop/GitHub/ax_spring_boot_demo/00springboot-shop/target/test-classes:/Users/xing/Develop/GitHub/ax_spring_boot_demo/00springboot-shop/target/classes:/Users/xing/.m2/repository/org/redisson/redisson-spring-boot-starter/3.16.4/redisson-spring-boot-starter-3.16.4.jar:/Users/xing/.m2/repository/org/springframework/boot/spring-boot-starter-actuator/2.6.0/spring-boot-starter-actuator-2.6.0.jar:/Users/xing/.m2/repository/org/springframework/boot/spring-boot-actuator-autoconfigure/2.6.0/spring-boot-actuator-autoconfigure-2.6.0.jar:/Users/xing/.m2/repository/org/springframework/boot/spring-boot-actuator/2.6.0/spring-boot-actuator-2.6.0.jar:/Users/xing/.m2/repository/io/micrometer/micrometer-core/1.8.0/micrometer-core-1.8.0.jar:/Users/xing/.m2/repository/org/hdrhistogram/HdrHistogram/2.1.12/HdrHistogram-2.1.12.jar:/Users/xing/.m2/repository/org/latencyutils/LatencyUtils/2.0.3/LatencyUtils-2.0.3.jar:/Users/xing/.m2/repository/org/redisson/redisson/3.16.4/redisson-3.16.4.jar:/Users/xing/.m2/repository/io/netty/netty-common/4.1.70.Final/netty-common-4.1.70.Final.jar:/Users/xing/.m2/repository/io/netty/netty-codec/4.1.70.Final/netty-codec-4.1.70.Final.jar:/Users/xing/.m2/repository/io/netty/netty-buffer/4.1.70.Final/netty-buffer-4.1.70.Final.jar:/Users/xing/.m2/repository/io/netty/netty-transport/4.1.70.Final/netty-transport-4.1.70.Final.jar:/Users/xing/.m2/repository/io/netty/netty-resolver/4.1.70.Final/netty-resolver-4.1.70.Final.jar:/Users/xing/.m2/repository/io/netty/netty-resolver-dns/4.1.70.Final/netty-resolver-dns-4.1.70.Final.jar:/Users/xing/.m2/repository/io/netty/netty-codec-dns/4.1.70.Final/netty-codec-dns-4.1.70.Final.jar:/Users/xing/.m2/repository/io/netty/netty-handler/4.1.70.Final/netty-handler-4.1.70.Final.jar:/Users/xing/.m2/repository/javax/cache/cache-api/1.1.1/cache-api-1.1.1.jar:/Users/xing/.m2/repository/io/projectreactor/reactor-core/3.4.12/reactor-core-3.4.12.jar:/Users/xing/.m2/repository/org/reactivestreams/reactive-streams/1.0.3/reactive-streams-1.0.3.jar:/Users/xing/.m2/repository/io/reactivex/rxjava3/rxjava/3.0.12/rxjava-3.0.12.jar:/Users/xing/.m2/repository/org/jboss/marshalling/jboss-marshalling/2.0.11.Final/jboss-marshalling-2.0.11.Final.jar:/Users/xing/.m2/repository/org/jboss/marshalling/jboss-marshalling-river/2.0.11.Final/jboss-marshalling-river-2.0.11.Final.jar:/Users/xing/.m2/repository/com/fasterxml/jackson/core/jackson-annotations/2.13.0/jackson-annotations-2.13.0.jar:/Users/xing/.m2/repository/com/fasterxml/jackson/dataformat/jackson-dataformat-yaml/2.13.0/jackson-dataformat-yaml-2.13.0.jar:/Users/xing/.m2/repository/com/fasterxml/jackson/core/jackson-core/2.13.0/jackson-core-2.13.0.jar:/Users/xing/.m2/repository/net/bytebuddy/byte-buddy/1.11.22/byte-buddy-1.11.22.jar:/Users/xing/.m2/repository/org/jodd/jodd-bean/5.1.6/jodd-bean-5.1.6.jar:/Users/xing/.m2/repository/org/jodd/jodd-core/5.1.6/jodd-core-5.1.6.jar:/Users/xing/.m2/repository/org/redisson/redisson-spring-data-25/3.16.4/redisson-spring-data-25-3.16.4.jar:/Users/xing/.m2/repository/org/springframework/boot/spring-boot-starter-web/2.6.0/spring-boot-starter-web-2.6.0.jar:/Users/xing/.m2/repository/org/springframework/boot/spring-boot-starter/2.6.0/spring-boot-starter-2.6.0.jar:/Users/xing/.m2/repository/org/springframework/boot/spring-boot/2.6.0/spring-boot-2.6.0.jar:/Users/xing/.m2/repository/org/springframework/boot/spring-boot-starter-logging/2.6.0/spring-boot-starter-logging-2.6.0.jar:/Users/xing/.m2/repository/ch/qos/logback/logback-classic/1.2.7/logback-classic-1.2.7.jar:/Users/xing/.m2/repository/ch/qos/logback/logback-core/1.2.7/logback-core-1.2.7.jar:/Users/xing/.m2/repository/org/apache/logging/log4j/log4j-to-slf4j/2.14.1/log4j-to-slf4j-2.14.1.jar:/Users/xing/.m2/repository/org/apache/logging/log4j/log4j-api/2.14.1/log4j-api-2.14.1.jar:/Users/xing/.m2/repository/org/slf4j/jul-to-slf4j/1.7.32/jul-to-slf4j-1.7.32.jar:/Users/xing/.m2/repository/org/yaml/snakeyaml/1.29/snakeyaml-1.29.jar:/Users/xing/.m2/repository/org/springframework/boot/spring-boot-starter-json/2.6.0/spring-boot-starter-json-2.6.0.jar:/Users/xing/.m2/repository/com/fasterxml/jackson/datatype/jackson-datatype-jdk8/2.13.0/jackson-datatype-jdk8-2.13.0.jar:/Users/xing/.m2/repository/com/fasterxml/jackson/datatype/jackson-datatype-jsr310/2.13.0/jackson-datatype-jsr310-2.13.0.jar:/Users/xing/.m2/repository/com/fasterxml/jackson/module/jackson-module-parameter-names/2.13.0/jackson-module-parameter-names-2.13.0.jar:/Users/xing/.m2/repository/org/springframework/spring-web/5.3.13/spring-web-5.3.13.jar:/Users/xing/.m2/repository/org/springframework/spring-beans/5.3.13/spring-beans-5.3.13.jar:/Users/xing/.m2/repository/org/springframework/spring-webmvc/5.3.13/spring-webmvc-5.3.13.jar:/Users/xing/.m2/repository/org/springframework/spring-aop/5.3.13/spring-aop-5.3.13.jar:/Users/xing/.m2/repository/org/springframework/spring-context/5.3.13/spring-context-5.3.13.jar:/Users/xing/.m2/repository/org/springframework/spring-expression/5.3.13/spring-expression-5.3.13.jar:/Users/xing/.m2/repository/org/springframework/boot/spring-boot-starter-validation/2.6.0/spring-boot-starter-validation-2.6.0.jar:/Users/xing/.m2/repository/org/apache/tomcat/embed/tomcat-embed-el/9.0.55/tomcat-embed-el-9.0.55.jar:/Users/xing/.m2/repository/org/hibernate/validator/hibernate-validator/6.2.0.Final/hibernate-validator-6.2.0.Final.jar:/Users/xing/.m2/repository/jakarta/validation/jakarta.validation-api/2.0.2/jakarta.validation-api-2.0.2.jar:/Users/xing/.m2/repository/org/jboss/logging/jboss-logging/3.4.2.Final/jboss-logging-3.4.2.Final.jar:/Users/xing/.m2/repository/com/fasterxml/classmate/1.5.1/classmate-1.5.1.jar:/Users/xing/.m2/repository/org/mybatis/spring/boot/mybatis-spring-boot-starter/2.2.0/mybatis-spring-boot-starter-2.2.0.jar:/Users/xing/.m2/repository/org/springframework/boot/spring-boot-starter-jdbc/2.6.0/spring-boot-starter-jdbc-2.6.0.jar:/Users/xing/.m2/repository/com/zaxxer/HikariCP/4.0.3/HikariCP-4.0.3.jar:/Users/xing/.m2/repository/org/springframework/spring-jdbc/5.3.13/spring-jdbc-5.3.13.jar:/Users/xing/.m2/repository/org/mybatis/spring/boot/mybatis-spring-boot-autoconfigure/2.2.0/mybatis-spring-boot-autoconfigure-2.2.0.jar:/Users/xing/.m2/repository/org/mybatis/mybatis/3.5.7/mybatis-3.5.7.jar:/Users/xing/.m2/repository/org/mybatis/mybatis-spring/2.0.6/mybatis-spring-2.0.6.jar:/Users/xing/.m2/repository/org/springframework/boot/spring-boot-starter-test/2.6.0/spring-boot-starter-test-2.6.0.jar:/Users/xing/.m2/repository/org/springframework/boot/spring-boot-test/2.6.0/spring-boot-test-2.6.0.jar:/Users/xing/.m2/repository/org/springframework/boot/spring-boot-test-autoconfigure/2.6.0/spring-boot-test-autoconfigure-2.6.0.jar:/Users/xing/.m2/repository/com/jayway/jsonpath/json-path/2.6.0/json-path-2.6.0.jar:/Users/xing/.m2/repository/net/minidev/json-smart/2.4.7/json-smart-2.4.7.jar:/Users/xing/.m2/repository/net/minidev/accessors-smart/2.4.7/accessors-smart-2.4.7.jar:/Users/xing/.m2/repository/org/ow2/asm/asm/9.1/asm-9.1.jar:/Users/xing/.m2/repository/jakarta/xml/bind/jakarta.xml.bind-api/2.3.3/jakarta.xml.bind-api-2.3.3.jar:/Users/xing/.m2/repository/jakarta/activation/jakarta.activation-api/1.2.2/jakarta.activation-api-1.2.2.jar:/Users/xing/.m2/repository/org/assertj/assertj-core/3.21.0/assertj-core-3.21.0.jar:/Users/xing/.m2/repository/org/hamcrest/hamcrest/2.2/hamcrest-2.2.jar:/Users/xing/.m2/repository/org/junit/jupiter/junit-jupiter/5.8.1/junit-jupiter-5.8.1.jar:/Users/xing/.m2/repository/org/junit/jupiter/junit-jupiter-api/5.8.1/junit-jupiter-api-5.8.1.jar:/Users/xing/.m2/repository/org/opentest4j/opentest4j/1.2.0/opentest4j-1.2.0.jar:/Users/xing/.m2/repository/org/junit/platform/junit-platform-commons/1.8.1/junit-platform-commons-1.8.1.jar:/Users/xing/.m2/repository/org/apiguardian/apiguardian-api/1.1.2/apiguardian-api-1.1.2.jar:/Users/xing/.m2/repository/org/junit/jupiter/junit-jupiter-params/5.8.1/junit-jupiter-params-5.8.1.jar:/Users/xing/.m2/repository/org/junit/jupiter/junit-jupiter-engine/5.8.1/junit-jupiter-engine-5.8.1.jar:/Users/xing/.m2/repository/org/junit/platform/junit-platform-engine/1.8.1/junit-platform-engine-1.8.1.jar:/Users/xing/.m2/repository/org/mockito/mockito-core/4.0.0/mockito-core-4.0.0.jar:/Users/xing/.m2/repository/net/bytebuddy/byte-buddy-agent/1.11.22/byte-buddy-agent-1.11.22.jar:/Users/xing/.m2/repository/org/objenesis/objenesis/3.2/objenesis-3.2.jar:/Users/xing/.m2/repository/org/mockito/mockito-junit-jupiter/4.0.0/mockito-junit-jupiter-4.0.0.jar:/Users/xing/.m2/repository/org/skyscreamer/jsonassert/1.5.0/jsonassert-1.5.0.jar:/Users/xing/.m2/repository/com/vaadin/external/google/android-json/0.0.20131108.vaadin1/android-json-0.0.20131108.vaadin1.jar:/Users/xing/.m2/repository/org/springframework/spring-core/5.3.13/spring-core-5.3.13.jar:/Users/xing/.m2/repository/org/springframework/spring-jcl/5.3.13/spring-jcl-5.3.13.jar:/Users/xing/.m2/repository/org/springframework/spring-test/5.3.13/spring-test-5.3.13.jar:/Users/xing/.m2/repository/org/xmlunit/xmlunit-core/2.8.3/xmlunit-core-2.8.3.jar:/Users/xing/.m2/repository/mysql/mysql-connector-java/8.0.27/mysql-connector-java-8.0.27.jar:/Users/xing/.m2/repository/com/github/pagehelper/pagehelper-spring-boot-starter/1.4.1/pagehelper-spring-boot-starter-1.4.1.jar:/Users/xing/.m2/repository/com/github/pagehelper/pagehelper-spring-boot-autoconfigure/1.4.1/pagehelper-spring-boot-autoconfigure-1.4.1.jar:/Users/xing/.m2/repository/com/github/pagehelper/pagehelper/5.3.0/pagehelper-5.3.0.jar:/Users/xing/.m2/repository/com/github/jsqlparser/jsqlparser/4.2/jsqlparser-4.2.jar:/Users/xing/.m2/repository/cn/hutool/hutool-all/5.7.15/hutool-all-5.7.15.jar:/Users/xing/.m2/repository/com/alibaba/druid-spring-boot-starter/1.1.9/druid-spring-boot-starter-1.1.9.jar:/Users/xing/.m2/repository/com/alibaba/druid/1.1.9/druid-1.1.9.jar:/Users/xing/.m2/repository/org/slf4j/slf4j-api/1.7.32/slf4j-api-1.7.32.jar:/Users/xing/.m2/repository/org/springframework/boot/spring-boot-autoconfigure/2.6.0/spring-boot-autoconfigure-2.6.0.jar:/Users/xing/.m2/repository/com/alibaba/fastjson/1.2.78/fastjson-1.2.78.jar:/Users/xing/.m2/repository/net/sourceforge/nekohtml/nekohtml/1.9.22/nekohtml-1.9.22.jar:/Users/xing/.m2/repository/xerces/xercesImpl/2.11.0/xercesImpl-2.11.0.jar:/Users/xing/.m2/repository/xml-apis/xml-apis/1.4.01/xml-apis-1.4.01.jar:/Users/xing/.m2/repository/org/springframework/boot/spring-boot-starter-thymeleaf/2.6.0/spring-boot-starter-thymeleaf-2.6.0.jar:/Users/xing/.m2/repository/org/thymeleaf/thymeleaf-spring5/3.0.12.RELEASE/thymeleaf-spring5-3.0.12.RELEASE.jar:/Users/xing/.m2/repository/org/thymeleaf/thymeleaf/3.0.12.RELEASE/thymeleaf-3.0.12.RELEASE.jar:/Users/xing/.m2/repository/org/attoparser/attoparser/2.0.5.RELEASE/attoparser-2.0.5.RELEASE.jar:/Users/xing/.m2/repository/org/unbescape/unbescape/1.1.6.RELEASE/unbescape-1.1.6.RELEASE.jar:/Users/xing/.m2/repository/org/thymeleaf/extras/thymeleaf-extras-java8time/3.0.4.RELEASE/thymeleaf-extras-java8time-3.0.4.RELEASE.jar:/Users/xing/.m2/repository/org/springframework/boot/spring-boot-starter-tomcat/2.6.0/spring-boot-starter-tomcat-2.6.0.jar:/Users/xing/.m2/repository/jakarta/annotation/jakarta.annotation-api/1.3.5/jakarta.annotation-api-1.3.5.jar:/Users/xing/.m2/repository/org/apache/tomcat/embed/tomcat-embed-core/9.0.55/tomcat-embed-core-9.0.55.jar:/Users/xing/.m2/repository/org/apache/tomcat/embed/tomcat-embed-websocket/9.0.55/tomcat-embed-websocket-9.0.55.jar:/Users/xing/.m2/repository/org/springframework/boot/spring-boot-starter-data-redis/2.6.0/spring-boot-starter-data-redis-2.6.0.jar:/Users/xing/.m2/repository/org/springframework/data/spring-data-redis/2.6.0/spring-data-redis-2.6.0.jar:/Users/xing/.m2/repository/org/springframework/data/spring-data-keyvalue/2.6.0/spring-data-keyvalue-2.6.0.jar:/Users/xing/.m2/repository/org/springframework/data/spring-data-commons/2.6.0/spring-data-commons-2.6.0.jar:/Users/xing/.m2/repository/org/springframework/spring-oxm/5.3.13/spring-oxm-5.3.13.jar:/Users/xing/.m2/repository/io/lettuce/lettuce-core/6.1.5.RELEASE/lettuce-core-6.1.5.RELEASE.jar:/Users/xing/.m2/repository/org/springframework/boot/spring-boot-starter-cache/2.6.0/spring-boot-starter-cache-2.6.0.jar:/Users/xing/.m2/repository/org/springframework/spring-context-support/5.3.13/spring-context-support-5.3.13.jar:/Users/xing/.m2/repository/com/auth0/java-jwt/3.18.2/java-jwt-3.18.2.jar:/Users/xing/.m2/repository/com/fasterxml/jackson/core/jackson-databind/2.13.0/jackson-databind-2.13.0.jar:/Users/xing/.m2/repository/org/springframework/boot/spring-boot-starter-quartz/2.6.0/spring-boot-starter-quartz-2.6.0.jar:/Users/xing/.m2/repository/org/springframework/spring-tx/5.3.13/spring-tx-5.3.13.jar:/Users/xing/.m2/repository/org/quartz-scheduler/quartz/2.3.2/quartz-2.3.2.jar:/Users/xing/.m2/repository/com/mchange/mchange-commons-java/0.2.15/mchange-commons-java-0.2.15.jar:/Users/xing/.m2/repository/commons-fileupload/commons-fileupload/1.4/commons-fileupload-1.4.jar:/Users/xing/.m2/repository/commons-io/commons-io/2.2/commons-io-2.2.jar:/Users/xing/.m2/repository/net/coobird/thumbnailator/0.4.15/thumbnailator-0.4.15.jar:/Users/xing/.m2/repository/org/projectlombok/lombok/1.18.16/lombok-1.18.16.jar:/Users/xing/.m2/repository/com/github/penggle/kaptcha/2.3.2/kaptcha-2.3.2.jar:/Users/xing/.m2/repository/javax/servlet/javax.servlet-api/4.0.1/javax.servlet-api-4.0.1.jar:/Users/xing/.m2/repository/com/jhlabs/filters/2.0.235-1/filters-2.0.235-1.jar:/Users/xing/.m2/repository/org/apache/shiro/shiro-spring/1.4.0/shiro-spring-1.4.0.jar:/Users/xing/.m2/repository/org/apache/shiro/shiro-core/1.4.0/shiro-core-1.4.0.jar:/Users/xing/.m2/repository/org/apache/shiro/shiro-lang/1.4.0/shiro-lang-1.4.0.jar:/Users/xing/.m2/repository/org/apache/shiro/shiro-cache/1.4.0/shiro-cache-1.4.0.jar:/Users/xing/.m2/repository/org/apache/shiro/shiro-crypto-hash/1.4.0/shiro-crypto-hash-1.4.0.jar:/Users/xing/.m2/repository/org/apache/shiro/shiro-crypto-core/1.4.0/shiro-crypto-core-1.4.0.jar:/Users/xing/.m2/repository/org/apache/shiro/shiro-crypto-cipher/1.4.0/shiro-crypto-cipher-1.4.0.jar:/Users/xing/.m2/repository/org/apache/shiro/shiro-config-core/1.4.0/shiro-config-core-1.4.0.jar:/Users/xing/.m2/repository/org/apache/shiro/shiro-config-ogdl/1.4.0/shiro-config-ogdl-1.4.0.jar:/Users/xing/.m2/repository/org/apache/shiro/shiro-event/1.4.0/shiro-event-1.4.0.jar:/Users/xing/.m2/repository/org/apache/shiro/shiro-web/1.4.0/shiro-web-1.4.0.jar:/Users/xing/.m2/repository/org/crazycake/shiro-redis/3.1.0/shiro-redis-3.1.0.jar:/Users/xing/.m2/repository/redis/clients/jedis/3.7.0/jedis-3.7.0.jar:/Users/xing/.m2/repository/org/apache/commons/commons-pool2/2.11.1/commons-pool2-2.11.1.jar:/Users/xing/.m2/repository/com/puppycrawl/tools/checkstyle/8.3/checkstyle-8.3.jar:/Users/xing/.m2/repository/antlr/antlr/2.7.7/antlr-2.7.7.jar:/Users/xing/.m2/repository/org/antlr/antlr4-runtime/4.7/antlr4-runtime-4.7.jar:/Users/xing/.m2/repository/commons-beanutils/commons-beanutils/1.9.3/commons-beanutils-1.9.3.jar:/Users/xing/.m2/repository/commons-logging/commons-logging/1.2/commons-logging-1.2.jar:/Users/xing/.m2/repository/commons-collections/commons-collections/3.2.2/commons-collections-3.2.2.jar:/Users/xing/.m2/repository/commons-cli/commons-cli/1.4/commons-cli-1.4.jar:/Users/xing/.m2/repository/net/sf/saxon/Saxon-HE/9.8.0-4/Saxon-HE-9.8.0-4.jar:/Library/Java/JavaVirtualMachines/jdk1.8.0_201/Contents/Home/jre/../lib/tools.jar:/Users/xing/.m2/repository/org/apache/commons/commons-lang3/3.12.0/commons-lang3-3.12.0.jar:/Users/xing/.m2/repository/com/google/guava/guava/30.1-jre/guava-30.1-jre.jar:/Users/xing/.m2/repository/com/google/guava/failureaccess/1.0.1/failureaccess-1.0.1.jar:/Users/xing/.m2/repository/com/google/guava/listenablefuture/9999.0-empty-to-avoid-conflict-with-guava/listenablefuture-9999.0-empty-to-avoid-conflict-with-guava.jar:/Users/xing/.m2/repository/com/google/code/findbugs/jsr305/3.0.2/jsr305-3.0.2.jar:/Users/xing/.m2/repository/org/checkerframework/checker-qual/3.5.0/checker-qual-3.5.0.jar:/Users/xing/.m2/repository/com/google/errorprone/error_prone_annotations/2.3.4/error_prone_annotations-2.3.4.jar:/Users/xing/.m2/repository/com/google/j2objc/j2objc-annotations/1.3/j2objc-annotations-1.3.jar:"/>
    <property name="sun.cpu.endian" value="little"/>
    <property name="user.home" value="/Users/xing"/>
    <property name="user.language" value="zh"/>
    <property name="java.specification.vendor" value="Oracle Corporation"/>
    <property name="java.home" value="/Library/Java/JavaVirtualMachines/jdk1.8.0_201/Contents/Home/jre"/>
    <property name="basedir" value="/Users/xing/Develop/GitHub/ax_spring_boot_demo/00springboot-shop"/>
    <property name="file.separator" value="/"/>
    <property name="line.separator" value="&#10;"/>
    <property name="java.vm.specification.vendor" value="Oracle Corporation"/>
    <property name="java.specification.name" value="Java Platform API Specification"/>
    <property name="java.awt.graphicsenv" value="sun.awt.CGraphicsEnvironment"/>
    <property name="surefire.real.class.path" value="/Users/xing/Develop/GitHub/ax_spring_boot_demo/00springboot-shop/target/surefire/surefirebooter7150615824569719406.jar"/>
    <property name="sun.boot.class.path" value="/Library/Java/JavaVirtualMachines/jdk1.8.0_201/Contents/Home/jre/lib/resources.jar:/Library/Java/JavaVirtualMachines/jdk1.8.0_201/Contents/Home/jre/lib/rt.jar:/Library/Java/JavaVirtualMachines/jdk1.8.0_201/Contents/Home/jre/lib/sunrsasign.jar:/Library/Java/JavaVirtualMachines/jdk1.8.0_201/Contents/Home/jre/lib/jsse.jar:/Library/Java/JavaVirtualMachines/jdk1.8.0_201/Contents/Home/jre/lib/jce.jar:/Library/Java/JavaVirtualMachines/jdk1.8.0_201/Contents/Home/jre/lib/charsets.jar:/Library/Java/JavaVirtualMachines/jdk1.8.0_201/Contents/Home/jre/lib/jfr.jar:/Library/Java/JavaVirtualMachines/jdk1.8.0_201/Contents/Home/jre/classes"/>
    <property name="sun.management.compiler" value="HotSpot 64-Bit Tiered Compilers"/>
    <property name="java.runtime.version" value="1.8.0_201-b09"/>
    <property name="user.name" value="xing"/>
    <property name="path.separator" value=":"/>
    <property name="os.version" value="10.16"/>
    <property name="java.endorsed.dirs" value="/Library/Java/JavaVirtualMachines/jdk1.8.0_201/Contents/Home/jre/lib/endorsed"/>
    <property name="java.runtime.name" value="Java(TM) SE Runtime Environment"/>
    <property name="file.encoding" value="UTF-8"/>
    <property name="java.vm.name" value="Java HotSpot(TM) 64-Bit Server VM"/>
    <property name="localRepository" value="/Users/xing/.m2/repository"/>
    <property name="java.vendor.url.bug" value="http://bugreport.sun.com/bugreport/"/>
    <property name="java.io.tmpdir" value="/var/folders/hn/dts0qyjj4yqbv4p_wf3l6xcm0000gn/T/"/>
    <property name="idea.version" value="2021.2.1"/>
    <property name="java.version" value="1.8.0_201"/>
    <property name="user.dir" value="/Users/xing/Develop/GitHub/ax_spring_boot_demo/00springboot-shop"/>
    <property name="os.arch" value="x86_64"/>
    <property name="java.vm.specification.name" value="Java Virtual Machine Specification"/>
    <property name="java.awt.printerjob" value="sun.lwawt.macosx.CPrinterJob"/>
    <property name="sun.os.patch.level" value="unknown"/>
    <property name="java.library.path" value="/Users/xing/Library/Java/Extensions:/Library/Java/Extensions:/Network/Library/Java/Extensions:/System/Library/Java/Extensions:/usr/lib/java:."/>
    <property name="java.vm.info" value="mixed mode"/>
    <property name="java.vendor" value="Oracle Corporation"/>
    <property name="java.vm.version" value="25.201-b09"/>
    <property name="java.ext.dirs" value="/Users/xing/Library/Java/Extensions:/Library/Java/JavaVirtualMachines/jdk1.8.0_201/Contents/Home/jre/lib/ext:/Library/Java/Extensions:/Network/Library/Java/Extensions:/System/Library/Java/Extensions:/usr/lib/java"/>
    <property name="sun.io.unicode.encoding" value="UnicodeBig"/>
    <property name="java.class.version" value="52.0"/>
  </properties>
  <testcase name="test1" classname="com.ax.shop.JWTTest" time="0.236"/>
  <testcase name="test2" classname="com.ax.shop.JWTTest" time="0.011"/>
  <testcase name="test3" classname="com.ax.shop.JWTTest" time="0.002"/>
</testsuite>